<?xml version="1.0" encoding="UTF-8"?>
<!-- Generated by org.testng.reporters.JUnitReportReporter -->
<testsuite skipped="0" hostname="DESKTOP-AU3E4IQ" name="TestNG.Annotations" tests="2" failures="0" timestamp="12 Jan 2019 21:56:29 GMT" time="6.285" errors="0">
  <testcase name="orangeLoginVerification" time="1.541" classname="TestNG.Annotations"/>
  <testcase name="orangeTitleVerification" time="4.744" classname="TestNG.Annotations"/>
</testsuite> <!-- TestNG.Annotations -->
