<?xml version="1.0" encoding="UTF-8"?>
<!-- Generated by org.testng.reporters.JUnitReportReporter -->
<testsuite skipped="1" hostname="DESKTOP-AU3E4IQ" name="TestNG.Apple" tests="3" failures="0" timestamp="12 Jan 2019 21:56:29 GMT" time="0.001" errors="0">
  <testcase name="appleInfo" time="0.001" classname="TestNG.Apple"/>
  <testcase name="appleInfo2" time="0.000" classname="TestNG.Apple"/>
  <testcase name="post" classname="TestNG.Apple">
    <skipped/>
  </testcase> <!-- post -->
</testsuite> <!-- TestNG.Apple -->
