<?xml version="1.0" encoding="UTF-8"?>
<!-- Generated by org.testng.reporters.JUnitReportReporter -->
<testsuite skipped="0" hostname="DESKTOP-AU3E4IQ" name="TestNG.WindowHandling" tests="1" failures="0" timestamp="12 Jan 2019 21:56:29 GMT" time="2.269" errors="0">
  <testcase name="herokuapp" time="2.269" classname="TestNG.WindowHandling"/>
</testsuite> <!-- TestNG.WindowHandling -->
