<?xml version="1.0" encoding="UTF-8"?>
<!-- Generated by org.testng.reporters.JUnitReportReporter -->
<testsuite skipped="0" hostname="DESKTOP-AU3E4IQ" name="restAssuredAPI.xmlDataTest" tests="1" failures="0" timestamp="12 Jan 2019 18:31:30 GMT" time="1.952" errors="0">
  <testcase name="postData" time="1.952" classname="restAssuredAPI.xmlDataTest"/>
</testsuite> <!-- restAssuredAPI.xmlDataTest -->
