<?xml version="1.0" encoding="UTF-8"?>
<!-- Generated by org.testng.reporters.JUnitReportReporter -->
<testsuite skipped="0" hostname="DESKTOP-AU3E4IQ" name="recap.AmazonMenu" tests="4" failures="0" timestamp="12 Jan 2019 22:08:24 GMT" time="92.948" errors="0">
  <testcase name="doubleClick" time="26.723" classname="recap.AmazonMenu"/>
  <testcase name="dragAndDrop" time="34.129" classname="recap.AmazonMenu"/>
  <testcase name="amazonTitle" time="22.436" classname="recap.AmazonMenu"/>
  <testcase name="upload" time="9.660" classname="recap.AmazonMenu"/>
</testsuite> <!-- recap.AmazonMenu -->
